Base de dados : base_dados_balanceado.xlsx
Tamanho da base de dados : 19738
Distribuição : classe
1    9869
0    9869
Name: count, dtype: int64

=== Parâmetros de treinamento ===

Tamanho do conjunto de treino: 80% - 15,790 instâncias
Tamanho do conjunto de teste: 20% - 3,948 instâncias

tfidvectorizer params:

min_df=3, max_df=0.8
ngram_range=(1, 3)
Fitting 5 folds for each of 32 candidates, totalling 160 fits

Melhor combinação de hiperparâmetros: {'clf__C': 1000, 'clf__penalty': 'l2'}
Melhor F1 (CV): 0.9855

=== Resultados com conjunto de teste ===


Relatório de classificação ===
              precision    recall  f1-score   support

           0     0.9918    0.9797    0.9857      1974
           1     0.9800    0.9919    0.9859      1974

    accuracy                         0.9858      3948
   macro avg     0.9859    0.9858    0.9858      3948
weighted avg     0.9859    0.9858    0.9858      3948

Matriz de confusão === 
 [[1934   40]
 [  16 1958]]

True Negatives (TN) número de instâncias reais “NÃO TI” que o modelo também previu como “NÃO TI”: 1934
Falso Positivo (FP) número de instâncias reais “NÃO TI” que o modelo previu como “TI” (falsos alarmes):  40
Falso Negativo (FN) número de instâncias reais “TI” que o modelo previu como “NÃO TI” (perdas): 16 
True Positives (TP) número de instâncias reais “TI” que o modelo corretamente previu como “TI”: 1958 

                Previsto NÃO TI   Previsto TI
Real NÃO TI               1934            40
Real TI                     16          1958

--- 20 primeiros exemplos onde previsto != esperado ---
+------------------------------------------------------------------------------------------------------------------------------------------------------------------------------------------------------------------------------------------------------------------------------------------------------------------------------------------------------------------------------------------------------------------+------------------+-------------------------+
| descricao                                                                                                                                                                                                                                                                                                                                                                                                        | esperado_label   | previsto_modelo_label   |
|------------------------------------------------------------------------------------------------------------------------------------------------------------------------------------------------------------------------------------------------------------------------------------------------------------------------------------------------------------------------------------------------------------------+------------------+-------------------------|
| Contrato de Financiamento de Pesquisa no âmbito do Mestrado Profissional em Sistemas de Gestão                                                                                                                                                                                                                                                                                                                   | NÃO TI           | TI                      |
| AQUISIÇÃO DE 20(VINTE)TABLETS A PARTIR DE ADESÃO À ATA EXTERNA PARA O DGAF.                                                                                                                                                                                                                                                                                                                                      | TI               | NÃO TI                  |
| AQUISIÇÃO DE BIBLIOTECA DE FITAS LTO5                                                                                                                                                                                                                                                                                                                                                                            | TI               | NÃO TI                  |
| Aquisição de 05 (cinco) maquinas digitais.                                                                                                                                                                                                                                                                                                                                                                       | TI               | NÃO TI                  |
| Prestacao de servico o de copeiragem com fornecimento de mao de obra qualificada composta de armazenistas supervisores de unidades de copeiragem uc copeiras garcons lideres de turma e garcons bem como de materiais de limpeza equipamentos maquinas de cafe e telefones celulares uniformes epis e insumos bebidas quentes para atender aos magistrados no curso de suas atividades no complexo do foro centr | TI               | NÃO TI                  |
| Aquisição de upgrade do software/hardware tomógrafo helicoidal multislice, com 64 cortes por                                                                                                                                                                                                                                                                                                                     | NÃO TI           | TI                      |
| rotação.                                                                                                                                                                                                                                                                                                                                                                                                         |                  |                         |
| CONTRATAÇÃO DE SERVIÇOS DE LOCAÇÃO DE COPIADORAS - ADESÃO A ATA DE REGISTRO DE PREÇOS.                                                                                                                                                                                                                                                                                                                           | TI               | NÃO TI                  |
| Registro de precos para futura e eventual contratacao de empresa especializada para fornecimento de materiais permanentes e suprimentos de informatica a fim de atender as demandas das secretarias municipais interessadas de acordo com as condicoes e demais especificacoes elencadas no anexo i e seus anexos partes integrantes do edital                                                                   | NÃO TI           | TI                      |
| Fornecer divisores de fluxo de fila e displays para utilização no controle de acesso.                                                                                                                                                                                                                                                                                                                            | NÃO TI           | TI                      |
| Aquisicao de material de informatica e equipamentos eletronicos                                                                                                                                                                                                                                                                                                                                                  | NÃO TI           | TI                      |
| 2 1 o objeto da presente licitacao e o registro de precos para a futura e eventual contratacao de empresa para fornecimento de moveis escolares materiais quadro lousa e de cortica caminhas infantis colchonetes e brinquedos para recreacao infantil play ground com instalacao e montagem para rede municipal de educacao conforme descrito neste instrumento e seus anexos atraves do sistema de registro de | NÃO TI           | TI                      |
| Contratacao de empresa especializada para prestacao de servicos de controle operacional e gerencial das operacoes de consignacao com desconto em folha de pagamento incluindo cessao de uso de software suporte e assistencia tecnica                                                                                                                                                                            | NÃO TI           | TI                      |
| execução de reforma geral do Instituto de Criminalística Carlos Éboli ICCE localiado na Rua Pedro I n 28 no Centro do Município do Rio de Janeiro                                                                                                                                                                                                                                                                | NÃO TI           | TI                      |
| Constitui objeto do presente contrato a aquisicao pela secretaria de educacao juventude e inovacao do municipio de angra dos reis sejin por meio de ata de registro de precos de material didatico complementar ao curriculo local para aprendizagem de conteudos para robotica educacional para utilizacao pelo corpo docente e discente da rede publica municipal de ensino de angra dos reis consoante o edit | TI               | NÃO TI                  |
| Prestacao de servicos de recepcao e de supervisao com fornecimento de mao de obra capacitada uniformes crachas distintivos e telefones celulares para comunicacao interna de modo adequado e ininterrupto durante o expediente forense comum para a provisao dos postos de recepcao dos predios do poder judiciario do estado do rio de janeiro na capital e no interior                                         | TI               | NÃO TI                  |
| Prestacao de servicos de gestao e controle de margem consignavel com lancamento em folha de pagamento disponibilizacao de sistema informatizado atendimento capacitacao e assessoramento para a execucao dos servicos descritos neste documento devendo a solucao de software atender fielmente as legislacoes vigentes aplicaveis ao estado do rio de janeiro em especial o decreto estadual de n o 45 563 de 2 | NÃO TI           | TI                      |
| adquirir uma licença para uso do Design – Expert (versão mais atualizada) que é um pacote de software estatístico da Stat-Ease Inc., especificamente dedicado à execução de projetos de experimentos.                                                                                                                                                                                                            | NÃO TI           | TI                      |
| Aquisição de selos de segurança, na forma do Termo de Referência e do instrumento convocatório. O prazo de vigência do contrato será de 12 (doze) meses, contados a partir da data da expedição da ordem de serviço, desde que posterior à data da publicação.                                                                                                                                                   | NÃO TI           | TI                      |
| Servicos de reprografia com disponibilizacao de equipamentos incluindo a prestacao de servicos de suporte e manutencao preventiva e corretiva com fornecimento de pecas suprimentos todos os consumiveis necessarios inclusive papel a4 a3 e oficio 2 e rolo para plotter contemplando hardware e software para essa funcao e disponibilizando atendimento tecnico telefonico objetivando atender as necessidade | NÃO TI           | TI                      |
| Uso da ata de r p no 26 2022 contratacao de empresa especializada na locacao de grupos de geradores com quadro de transmissao automatico digital incluindo manutencao preventiva e corretiva com troca de pecas instalacao e combustivel para atender a demanda da prefeitura de marica                                                                                                                          | NÃO TI           | TI                      |
+------------------------------------------------------------------------------------------------------------------------------------------------------------------------------------------------------------------------------------------------------------------------------------------------------------------------------------------------------------------------------------------------------------------+------------------+-------------------------+

Modelo salvo em: modelos/20250512_090044_classificador_treinado.pkl
