Base de dados : base_dados_balanceado.xlsx
Tamanho da base de dados : 17880
Distribuição : classe
0    8940
1    8940
Name: count, dtype: int64

Fitting 5 folds for each of 16 candidates, totalling 80 fits
Melhor combinação de hiperparâmetros: {'clf__C': 80}
Melhor F1 (CV): 0.9839

=== Relatório de classificação (threshold=0.5) ===
              precision    recall  f1-score   support

           0     0.9943    0.9760    0.9850      1788
           1     0.9764    0.9944    0.9853      1788

    accuracy                         0.9852      3576
   macro avg     0.9853    0.9852    0.9852      3576
weighted avg     0.9853    0.9852    0.9852      3576

Matriz de confusão:
 [[1745   43]
 [  10 1778]]

Modelo salvo em: 20250505_202012_classificador_treinado.pkl
