Banco de dados base_dados_original.xlsx foi balanceado
Base de dados original: base_dados_original.xlsx
Houve balanceamento da base de dados: True
Base de dados balanceada: tmp/20250515_144548_base_dados_balanceada.xlsx

Para a base será considerado que a 1a coluna contém a descrição do objeto e a 2a coluna contém a classe
As classes serão mapeadas para 1 (TI) e 0 (Não TI), respectivamente
Tamanho da base de dados usada no treinamento: 18678
Distribuição : classe
0    9339
1    9339
Name: count, dtype: int64

=== Parâmetros de treinamento ===

Tamanho do conjunto de treino: 80% - 14,942 instâncias
Tamanho do conjunto de teste: 20% - 3,736 instâncias

TF-IDF Vectorizer params:

min_df=1, max_df=0.8
ngram_range=(1, 2)
Fitting 5 folds for each of 26 candidates, totalling 130 fits

Melhor combinação de hiperparâmetros: {'clf__C': 1000, 'clf__penalty': 'l1'}
Melhor F1 (CV): 0.9816

=== Resultados com conjunto de teste ===


Relatório de classificação ===
              precision    recall  f1-score   support

           0     0.9973    0.9791    0.9881      1868
           1     0.9795    0.9973    0.9883      1868

    accuracy                         0.9882      3736
   macro avg     0.9884    0.9882    0.9882      3736
weighted avg     0.9884    0.9882    0.9882      3736

Matriz de confusão === 
 [[1829   39]
 [   5 1863]]

True Negatives (TN) número de instâncias reais “NÃO TI” que o modelo também previu como “NÃO TI”: 1829
Falso Positivo (FP) número de instâncias reais “NÃO TI” que o modelo previu como “TI” (falsos alarmes):  39
Falso Negativo (FN) número de instâncias reais “TI” que o modelo previu como “NÃO TI” (perdas): 5 
True Positives (TP) número de instâncias reais “TI” que o modelo corretamente previu como “TI”: 1863 

                Previsto NÃO TI   Previsto TI
Real NÃO TI               1829            39
Real TI                      5          1863

--- 20 primeiros exemplos onde previsto != esperado ---
+-----------------------------------------------------------------------------------------------------------------------------------------------------------------------------------------------------------------------------------------------------------------------------------------------------------------------------------------------------------------------------------------------------------------------------------------------------------------------------------------------------------------------------------------------------------------------------------------------------------------+------------------+-------------------------+
| descricao                                                                                                                                                                                                                                                                                                                                                                                                                                                                                                                                                                                                       | esperado_label   | previsto_modelo_label   |
|-----------------------------------------------------------------------------------------------------------------------------------------------------------------------------------------------------------------------------------------------------------------------------------------------------------------------------------------------------------------------------------------------------------------------------------------------------------------------------------------------------------------------------------------------------------------------------------------------------------------+------------------+-------------------------|
| LOCAÇÃO MAQUINA IMPRESSORA E CÓPIAS EXCEDENTES: SERVICOS DE REPROGRAFIA - DESCRIÇÃO: contratacao de empresa especializada na prestacao de servicos de reprografia, plotagem, copias, escaneamento e encadernacao em geral. - ID:55292 - Código:0311.001.0005                                                                                                                                                                                                                                                                                                                                                    | NÃO TI           | TI                      |
| Contratacao de empresa especializada para locacao e prestacao de servicos mediante o fornecimento de toda a infraestrutura de equipamentos e sensores hardware sistema software suporte treinamento montagem manutencao e sinalizacao horizontal e vertical para uma gestao eletronica que permita a codemar de forma integrada e simultanea a gestao a operacao e a fiscalizacao do estacionamento regulamentad                                                                                                                                                                                                | NÃO TI           | TI                      |
| Compreende objeto da presente licitacao conforme disposto no preambulo do edital a prestacao de servicos incluindo a realizacao das obras visando a implantacao gestao operacao e manutencao do parque natural da mata atlantica do municipio de angra dos reis rj sem prejuizo na forma do contrato da realizacao de outros investimentos e servicos obrigatorios ou do desempenho pela concessionaria de ativi                                                                                                                                                                                                | NÃO TI           | TI                      |
| Contratação de empresa especializada em locação de máquinas de reprografia.: SERVICOS DE LOCACAO DE MAQUINAS E EQUIPAMENTOS REPROGRAFICOS - DESCRIÇÃO: CONTRATACAO DE EMPRESA ESPECIALIZADA NA PRESTACAO DE SERVIÇOS DE LOCACAO E MANUTENCAO DE MAQUINA REPROGRAFICA, CONFORME TERMO DE REFERENCIA - ID:114529 - Código:0312.001.0005                                                                                                                                                                                                                                                                           | NÃO TI           | TI                      |
| Registro de precos para a aquisicao de equipamentos e materiais permanentes aparelho analisador de emissoes otoacusticas aparelho de anestesia cardiotocografo etc para atender as necessidades do hospital iguassu conforme descrito no termo de referencia anexo vii do edital                                                                                                                                                                                                                                                                                                                                | NÃO TI           | TI                      |
| Contrato de Prestação de Serviços de avaliação (medições) ambiental quantitativa dos seguintes agentes químicos considerados agressivos e possivelmente presentes no ambiente da Oficina de Bondes: fumos metálicos (soldagem), hidrocarbonetos totais, óxido de nitrogênio e sílica em suspensão,                                                                                                                                                                                                                                                                                                              | NÃO TI           | TI                      |
| Fornecimento de etiquetas autoadesivas para impressoras.                                                                                                                                                                                                                                                                                                                                                                                                                                                                                                                                                        | NÃO TI           | TI                      |
| PRESTAÇÃO DE SERVIÇOS DE INSTALAÇÃO E FORNECIMENTO DE SISTEMA DE CONTROLE DE ACESSO, INCLUINDO MATERIAIS, EQUIPAMENTOS, MÃO DE OBRA, ACESSÓRIOS E TREINAMENTO PARA CONTROLAR O ACESSO DE ÀREAS COMUNS E RESTRITAS DA SECRETARIA DE ESTADO DE EDUCAÇÃO DO RIO DE JANEIRO.CONFORME TERMO DE REFERÊNCIA.: CONTRATACAO DE SERVICO E PROFISSIONAIS TECNICOS - DESCRICAO: TECNICO DE MANUTENCAO ELETRICO - ID:58801 - Código:0365.004.0009                                                                                                                                                                            | NÃO TI           | TI                      |
| AQUISIÇÃO DE PAINÉIS VÍDEO WALL E AFINS - CEMADEN ETAPA II: CAPACITACAO E TREINAMENTO DE PESSOAL - DESCRICAO: CONTRATACAO DE EMPRESA ESPECIALIZADA NA CAPACITACAO E TREINAMENTO DE AGENTES MULTIPLICADORES - ID:71665 - Código:0335.010.0001                                                                                                                                                                                                                                                                                                                                                                    | NÃO TI           | TI                      |
| A presente Licitação tem por objeto o Registro de Preços para futura e eventual Contratação de Empresa especializada para fornecimento de MATERIAL DE INFORMÁTICA E INSUMOS PARA IMPRESSORAS, para atender as necessidades das Secretarias Municipais da Prefeitura Municipal de Carmo, com fornecimento regular no período de 12 meses após a publicação da respectiva ARP, conforme solicitação do Órgão Gerenciador da Prefeitura Municipal de Carmo, de acordo com as condições e especificações contidas no Anexo I (Proposta e Preços) e Anexo II (Termo de Referência), partes integrantes deste Edital. | TI               | NÃO TI                  |
| Compra de sistema de energia solar fotovoltaica conectado à rede (on-grid), com capacidade instalada mínima de 274 kWp, incluídos os serviços de instalação de todos os materiais e equipamentos, comissionamento, testes e trâmites junto à concessionária de energia elétrica para entrada em operação do sistema para atender ao Tribunal de Justiça do Estado do Rio de Janeiro (Fórum Regional da Ilha do Governador). O prazo do contrato é de 180 (cento e oitenta) dias, contados da data indicada no memorando de início.                                                                              | NÃO TI           | TI                      |
| Formacao de registro de precos para futura e eventual aquisicao toners cartuchos e tintas para as impressoras novas do hospital municipal de sapucaia                                                                                                                                                                                                                                                                                                                                                                                                                                                           | NÃO TI           | TI                      |
| Prestação de serviço de manutenção corretiva, atualização e ampliação da capacidade do sistema de imageamento aéreo, instalado na aeronave AS350 B3 (PR-EPC), incluindo a substituição de equipamentos inoperantes, fornecimento e integração de sistema de mapas móveis, bem como a certificação desta modificação, na forma do Termo de Referência.                                                                                                                                                                                                                                                           | NÃO TI           | TI                      |
| MEIO DE CULTURA COLILERT18® E CARTELAS QUANTI-TRAY 2000® UTILIZADAS NOS ENSAIOS MICROBIOLÓGICOS REALIZADOS PELO SERVIÇO DE ANÁLISES MICROBIOLÓGICAS DA GERÊNCIA DE ANÁLISES LABORATORIAIS DO INEA                                                                                                                                                                                                                                                                                                                                                                                                               | NÃO TI           | TI                      |
| Contratacao de empresa especializada na prestacao de servicos de implementacao gerenciamento e administracao da concessao de auxilio alimentacao e ou refeicao atraves de credito de valores em cartao magnetico eletronico com tecnologia de chip que possibilitem a utilizacao por meio da rede de estabelecimentos credenciados conforme descrito no termo de referencia anexo 01                                                                                                                                                                                                                            | NÃO TI           | TI                      |
| Registro de preco para contratacao de empresa para prestacao de servicos tecnicos especializados em projetos esportivos promocao da saude e praticas corporais para atender as necessidades da prefeitura municipal de quatis                                                                                                                                                                                                                                                                                                                                                                                   | NÃO TI           | TI                      |
| A CONTRATADA obriga-se ao fornecimento de Equipamento de Raio X Odontológico Digital de parede e Sensor Intraoral Digital Tamanho 2, ambos com os respectivos serviços de montagem e instalação, conforme condições, quantidades e especificações estabelecidas no TERMO DE REFERÊNCIA – ANEXO I do EDITAL DO PREGÃO ELETRÔNICO Nº 10/2023.                                                                                                                                                                                                                                                                     | NÃO TI           | TI                      |
| Ref a futura e eventual aquisicao de materiais permanentes eletronicos e eletrodomesticos para atender as unidades escolares da rede publica municipal de ensino de cordeiro conforme especificacoes quantitativos e condicoes estabelecidas nos anexos i e ii do edital                                                                                                                                                                                                                                                                                                                                        | NÃO TI           | TI                      |
| Contratação de compra de cassetes para equipamentos fac o e m u l s i f i c a d o r.                                                                                                                                                                                                                                                                                                                                                                                                                                                                                                                            | NÃO TI           | TI                      |
| O objeto da presente licitação é a aquisição de mídias de armazenamento portátil, em forma de pen drive, DVDs e DVD´s-DL, conforme condições, quantidades e exigências estabelecidas neste Edital e seus anexos.                                                                                                                                                                                                                                                                                                                                                                                                | NÃO TI           | TI                      |
+-----------------------------------------------------------------------------------------------------------------------------------------------------------------------------------------------------------------------------------------------------------------------------------------------------------------------------------------------------------------------------------------------------------------------------------------------------------------------------------------------------------------------------------------------------------------------------------------------------------------+------------------+-------------------------+