Base de dados : base_dados_balanceado.xlsx
Tamanho da base de dados : 18086
Distribuição : classe
1    9043
0    9043
Name: count, dtype: int64

Fitting 5 folds for each of 16 candidates, totalling 80 fits
Melhor combinação de hiperparâmetros: {'clf__C': 30}
Melhor F1 (CV): 0.9847

=== Resultados com conjunto de teste ===


Relatório de classificação (threshold=0.5) ===
              precision    recall  f1-score   support

           0     0.9916    0.9840    0.9878      1809
           1     0.9841    0.9917    0.9879      1809

    accuracy                         0.9878      3618
   macro avg     0.9879    0.9878    0.9878      3618
weighted avg     0.9879    0.9878    0.9878      3618

Matriz de confusão === 
 [[1780   29]
 [  15 1794]]

True Negatives (TN) número de instâncias reais “NÃO TI” que o modelo também previu como “NÃO TI”: 1780
Falso Positivo (FP) número de instâncias reais “NÃO TI” que o modelo previu como “TI” (falsos alarmes):  29
Falso Negativo (FN) número de instâncias reais “TI” que o modelo previu como “NÃO TI” (perdas): 15 
True Positives (TP) número de instâncias reais “TI” que o modelo corretamente previu como “TI”: 1794 

                Previsto NÃO TI   Previsto TI
Real NÃO TI               1780            29
Real TI                     15          1794

--- 20 primeiros exemplos onde previsto != esperado ---
+----------------------------------------------------------------------------------------------------------------------------------------------------------------------------------------------------------------------------------------------------------------------------------------------------------------------------------------------------------------------------------------------------------------------------+------------------+------------------+
| descricao                                                                                                                                                                                                                                                                                                                                                                                                                  | esperado_label   | previsto_label   |
|----------------------------------------------------------------------------------------------------------------------------------------------------------------------------------------------------------------------------------------------------------------------------------------------------------------------------------------------------------------------------------------------------------------------------+------------------+------------------|
| Contratacao de empresa especializada na prestacao de forma continua de servicos de limpeza conservacao higienizacao auxiliar de escritorio copeiragem vigia operador de cftv recepcionista auxiliar de almoxarifado servente lider auxiliar de servicos gerais e mensageiro objetivando a execucao no ambito da camara municipal de sao goncalo                                                                            | NÃO TI           | TI               |
| Fs aquisicao de filme de rx com comodato de impressora                                                                                                                                                                                                                                                                                                                                                                     | NÃO TI           | TI               |
| Prestacao de servicos de oper e manut da rede de pluviometros e sirenes sistema de aquisicao transmissao e organizacao de dados aquisicao de kits para automatizacao de pluviometros semiautomaticos instalacao dos kits de automatizacao de pluviometros e fornec de boletins meteorologicos                                                                                                                              | NÃO TI           | TI               |
| Aquisicao de aeronaves remotamente pilotadas arp drones e acessorios                                                                                                                                                                                                                                                                                                                                                       | TI               | NÃO TI           |
| Servicos de reprografia com disponibilizacao de equipamentos incluindo a prestacao de servicos de suporte e manutencao preventiva e corretiva com fornecimento de pecas suprimentos todos os consumiveis necessarios inclusive papel a4 a3 e oficio 2 e rolo para plotter contemplando hardware e software para essa funcao e disponibilizando atendimento tecnico telefonico objetivando atender as necessidade           | TI               | NÃO TI           |
| Aquisição de Tokens.                                                                                                                                                                                                                                                                                                                                                                                                       | TI               | NÃO TI           |
| Servico de gestao de software de administracao gerenciamento emissao distribuicao e fornecimento de cartao eletronico com chip de seguranca que sera distribuido aos municipes assistidos pelos programas de beneficios da secretaria de assistencia social                                                                                                                                                                | TI               | NÃO TI           |
| LOCACAO EQUIPAMENTOS DE INFORMATICA - DESCRICAO: LOCACAO DE COMPUTADOR COM SERVICO DE ASSISTENCIA TECNICA - ID: 73799 - Código do Item: 0192.001.0005                                                                                                                                                                                                                                                                      | NÃO TI           | TI               |
| SMARTPHONES                                                                                                                                                                                                                                                                                                                                                                                                                | TI               | NÃO TI           |
| Adesão a Ata de Registro de Preços oriunda do PE 004/2018, realizado pelo MINISTÉRIO DA DEFESA ¿ MARINHA DO BRASIL (BASE DE FUZILEIROS NAVAIS DO RIO MERITI), cujo objeto é a aquisição de material de consumo, a saber papel cópia tamanho A4. A contratação ocorreu com base na Lei Federal n° 10.520, 17/07/2002, pelo Decreto Estadual n° 31.864, de 16/09/2002, com aplicação subsidiaria da Lei Federal n° 8.666/93. | NÃO TI           | TI               |
| Sistema de registro de precos para futura e eventual aquisicao de material didatico escolar                                                                                                                                                                                                                                                                                                                                | NÃO TI           | TI               |
| CONTRATAÇÃO DE SERVIÇO DE LOCAÇÃO DE MÁQUINAS DE REPROGRAFIAS E COPIADORAS COM FORNECIMENTO, INSTALAÇÃO, MANUTENÇÃO PREVENTIVA E CORRETIVA COM ABASTECIMENTO DE MATERIAL DE CONSUMO E PEÇAS.                                                                                                                                                                                                                               | NÃO TI           | TI               |
| CAPACITAÇÃO E TREINAMENTO DE PESSOAL                                                                                                                                                                                                                                                                                                                                                                                       | NÃO TI           | TI               |
| Aquisição de Tokens.                                                                                                                                                                                                                                                                                                                                                                                                       | TI               | NÃO TI           |
| Aquisicao de material de informatica e equipamentos eletronicos                                                                                                                                                                                                                                                                                                                                                            | NÃO TI           | TI               |
| AQUISIÇÃO DE MÁQUINA COPIADORA                                                                                                                                                                                                                                                                                                                                                                                             | TI               | NÃO TI           |
| ADESÃO A ATA DE REISTRO DE PREÇOS DO IBICT - METODO SCRUM.                                                                                                                                                                                                                                                                                                                                                                 | TI               | NÃO TI           |
| Prestacao de servicos de apoio administrativo na forma de execucao indireta com regime de dedicacao exclusiva de mao de obra para atender a secretaria geral de tecnologia da informacao do tribunal indicados no item 3 lote iii da requisicao de servico no 20240001 descritos de forma pormenorizada no estudo tecnico preliminar anexo a na conformidade do edital da licitacao no 2024 31                             | NÃO TI           | TI               |
| Aquisição de Tokens.                                                                                                                                                                                                                                                                                                                                                                                                       | TI               | NÃO TI           |
| Prestacao de servicos para elaboracao e aplicacao da pesquisa por amostra de domicilio do municipio de niteroi na forma do termo de referencia e do instrumento convocatorio com o desenvolvimento de todas as etapas da pesquisa incluindo o planejamento o plano amostral os questionarios a pre testagem a pesquisa de campo a elaboracao dos bancos de dados nos moldes definidos pela prefeitura e a produc           | NÃO TI           | TI               |
+----------------------------------------------------------------------------------------------------------------------------------------------------------------------------------------------------------------------------------------------------------------------------------------------------------------------------------------------------------------------------------------------------------------------------+------------------+------------------+

Modelo salvo em: 20250506_104637_classificador_treinado.pkl
