Base de dados : base_dados_balanceado.xlsx
Tamanho da base de dados : 19606
Distribuição : classe
0    9803
1    9803
Name: count, dtype: int64

Fitting 5 folds for each of 16 candidates, totalling 80 fits
Melhor combinação de hiperparâmetros: {'clf__C': 75}
Melhor F1 (CV): 0.9843

=== Resultados com conjunto de teste ===


Relatório de classificação (threshold=0.5) ===
              precision    recall  f1-score   support

           0     0.9933    0.9878    0.9905      1961
           1     0.9878    0.9934    0.9906      1961

    accuracy                         0.9906      3922
   macro avg     0.9906    0.9906    0.9906      3922
weighted avg     0.9906    0.9906    0.9906      3922

Matriz de confusão === 
 [[1937   24]
 [  13 1948]]

True Negatives (TN) número de instâncias reais “NÃO TI” que o modelo também previu como “NÃO TI”: 1937
Falso Positivo (FP) número de instâncias reais “NÃO TI” que o modelo previu como “TI” (falsos alarmes):  24
Falso Negativo (FN) número de instâncias reais “TI” que o modelo previu como “NÃO TI” (perdas): 13 
True Positives (TP) número de instâncias reais “TI” que o modelo corretamente previu como “TI”: 1948 

                Previsto NÃO TI   Previsto TI
Real NÃO TI               1937            24
Real TI                     13          1948

--- 20 primeiros exemplos onde previsto != esperado ---
+------------------------------------------------------------------------------------------------------------------------------------------------------------------------------------------------------------------------------------------------------------------------------------------------------------------------------------------------------------------------------------------------------------------+------------------+------------------+
| descricao                                                                                                                                                                                                                                                                                                                                                                                                        | esperado_label   | previsto_label   |
|------------------------------------------------------------------------------------------------------------------------------------------------------------------------------------------------------------------------------------------------------------------------------------------------------------------------------------------------------------------------------------------------------------------+------------------+------------------|
| Registro de precos para aquisicao de leitores e sensores para monitoramento de glicose com fornecimento de software do programa de educao em diabetes e monitoramento continuo da glicose                                                                                                                                                                                                                        | NÃO TI           | TI               |
| Aquisicao de genero alimenticio de origem animal com temperatura controlada para as diversas secretarias do municipio de varre sai                                                                                                                                                                                                                                                                               | NÃO TI           | TI               |
| LOCACAO EQUIPAMENTOS DE INFORMATICA - DESCRICAO: LOCACAO EQUIPAMENTOS DE INFORMATICA, TIPO SERVICO: CONTRATACAO DE EMPRESA ESPECIALIZADA NA LOCACAO DE MONITORES COM ASSISTENCIA TECNICA, ORIGEM: PESSOA JURIDICA - ID: 158081 - Código do Item: 0192.001.0025                                                                                                                                                   | NÃO TI           | TI               |
| Contratacao de empresa especializada na prestacao de servicos de administracao gerenciamento e controle da manutencao preventiva e corretiva dos veiculos oficiais da frota municipal com implantacao e operacao de sistema informatizado e integrado de gestao via web atraves de rede de estabelecimentos credenciados do setor da reposicao automotiva                                                        | NÃO TI           | TI               |
| adquirir uma licença para uso do Design – Expert (versão mais atualizada) que é um pacote de software estatístico da Stat-Ease Inc., especificamente dedicado à execução de projetos de experimentos.                                                                                                                                                                                                            | NÃO TI           | TI               |
| Aquisicao de projetor de imagem caixas de som microfone fonte de alimentacao ininterrupta no breaks estacoes de trabalho desktop e notebooks ambos com licenca de sistema operacional proprietario                                                                                                                                                                                                               | NÃO TI           | TI               |
| ADESÃO A ATA DE REGISTRO DE PREÇOS DO INSTITUTO FEDERAL DE EDUCAÇÃO, CIÊNCIA E TECNOLOGIA DO PARÁ.                                                                                                                                                                                                                                                                                                               | NÃO TI           | TI               |
| Aquisicao de projetor de imagem caixas de som microfone fonte de alimentacao ininterrupta no breaks estacoes de trabalho desktop e notebooks ambos com licenca de sistema operacional proprietario                                                                                                                                                                                                               | NÃO TI           | TI               |
| Contratacao de empresa instituto ou entidade especializada nas medicoes incentivadas de nps csat ces e nvs da prefeitura incluindo gerenciamento de feedback assessoria especializada por meio de ferramenta tecnologica com a disponibilizacao de dashboards em plataforma web a partir da coleta sistematica de dados primarios objetivando o desempenho administrativo das secretarias e consequente melhoria | NÃO TI           | TI               |
| Contrato de prestacao de servicos de fornecimento de solucoes tecnologicas de computacao movel para apoio as atividades de fiscalizacao vistoria e suporte dos servicos de transportes rodoviarios intermunicipal de passageiros e ou cargas do estado do rio de janeiro sob a responsabilidade e operacao do detro rj mediante consultas on line de verificacao das condicoes de registro da frota estadual e s | TI               | NÃO TI           |
| contratação de firma especializada em prestação de serviço de telefonia fixo comuutado - Adesão ao Registro de Preço nº 001/2012 Casa Civil - RJ                                                                                                                                                                                                                                                                 | TI               | NÃO TI           |
| Registro de precos para futura e eventual contratacao de empresa especializada para fornecimento de materiais permanentes e suprimentos de informatica a fim de atender as demandas das secretarias municipais interessadas de acordo com as condicoes e demais especificacoes elencadas no anexo i e seus anexos partes integrantes do edital                                                                   | NÃO TI           | TI               |
| Fornecimento de bandeiras oficiais (República Federativa do Brasil, Estado do Rio de Janeiro e Ministério Público do Estado do Rio de Janeiro)                                                                                                                                                                                                                                                                   | NÃO TI           | TI               |
| Contratacao de empresa para a prestacao de servicos de engenharia de gestao supervisao suporte tecnico manutencao preventiva corretiva e evolutiva em todo o sistema de vigilancia e monitoramento digital sistema de visualizacao e plataforma de integracao comando e controle e gestao e dados solucao de automacao de audio infraestrutura interna de ti rede de comunicacao externa e prestacao de servico  | NÃO TI           | TI               |
| Prestacao de servicos de assessoria e suporte tecnico ao setor de arrecadacao disponibilizando profissionais com conhecimento de legislacao tributaria coleta de dados software de apoio para a recuperacao fiscal atendimento aos contribuintes ajustes nos cadastros visando a recuperacao de creditos e incremento de arrecadacao de receita tributaria pelo periodo de 12 doze meses                         | NÃO TI           | TI               |
| SERVIÇO DE APOIO E ANÁLISE TÉCNICA PARA ESTRUTURAÇÃO E ELABORAÇÃO DE PROJETOS DA GESTÃO PÚBLICA, CONFORME ESPECIFICAÇÕES E DEMAIS ITENS CONTIDOS NESTE TERMO DE REFERÊNCIA.                                                                                                                                                                                                                                      | NÃO TI           | TI               |
| Aquisicao de aeronaves remotamente pilotadas arp drones e acessorios                                                                                                                                                                                                                                                                                                                                             | TI               | NÃO TI           |
| CONTRATAÇÃO DE EMPRESA ESPECIALIZADA NA PRESTAÇÃO DE SERVIÇOS DE ORGANIZAÇÃO, TRATAMENTO E GUARDA DE ACERVO ARQUIVÍSTICO QUE CONTEMPLE A TRANSFERÊNCIA ORDENADA DOS DOCUMENTOS, HIGIENIZAÇÃO, CLASSIFICAÇÃO ARQUIVÍSTICA.                                                                                                                                                                                        | NÃO TI           | TI               |
| Desinfetante Germicida de Uso Hospitalar,Composição:Monopersulfato de Potássio,Fragancia: N/D,Diluição.                                                                                                                                                                                                                                                                                                          | NÃO TI           | TI               |
| Servico de gestao de software de administracao gerenciamento emissao distribuicao e fornecimento de cartao eletronico com chip de seguranca que sera distribuido aos municipes assistidos pelos programas de beneficios da secretaria de assistencia social                                                                                                                                                      | TI               | NÃO TI           |
+------------------------------------------------------------------------------------------------------------------------------------------------------------------------------------------------------------------------------------------------------------------------------------------------------------------------------------------------------------------------------------------------------------------+------------------+------------------+

Modelo salvo em: modelos/20250511_151445_classificador_treinado.pkl
